mode: atomic
github.com/ucloud/redis-cluster-operator/pkg/utils/compare.go:9.80,10.30 1 0
github.com/ucloud/redis-cluster-operator/pkg/utils/compare.go:19.2,19.14 1 0
github.com/ucloud/redis-cluster-operator/pkg/utils/compare.go:10.30,12.3 1 0
github.com/ucloud/redis-cluster-operator/pkg/utils/compare.go:12.8,12.37 1 0
github.com/ucloud/redis-cluster-operator/pkg/utils/compare.go:12.37,14.3 1 0
github.com/ucloud/redis-cluster-operator/pkg/utils/compare.go:14.8,14.25 1 0
github.com/ucloud/redis-cluster-operator/pkg/utils/compare.go:14.25,17.3 2 0
github.com/ucloud/redis-cluster-operator/pkg/utils/compare.go:22.76,23.16 1 0
github.com/ucloud/redis-cluster-operator/pkg/utils/compare.go:28.2,28.14 1 0
github.com/ucloud/redis-cluster-operator/pkg/utils/compare.go:23.16,26.3 2 0
github.com/ucloud/redis-cluster-operator/pkg/utils/compare.go:31.83,32.16 1 0
github.com/ucloud/redis-cluster-operator/pkg/utils/compare.go:37.2,37.14 1 0
github.com/ucloud/redis-cluster-operator/pkg/utils/compare.go:32.16,35.3 2 0
github.com/ucloud/redis-cluster-operator/pkg/utils/labels.go:4.68,7.35 2 0
github.com/ucloud/redis-cluster-operator/pkg/utils/labels.go:14.2,14.12 1 0
github.com/ucloud/redis-cluster-operator/pkg/utils/labels.go:7.35,8.20 1 0
github.com/ucloud/redis-cluster-operator/pkg/utils/labels.go:8.20,9.29 1 0
github.com/ucloud/redis-cluster-operator/pkg/utils/labels.go:9.29,11.5 1 0
github.com/ucloud/redis-cluster-operator/pkg/utils/math.go:5.29,7.2 1 0
github.com/ucloud/redis-cluster-operator/pkg/utils/parse.go:8.50,13.31 4 11
github.com/ucloud/redis-cluster-operator/pkg/utils/parse.go:36.2,37.16 2 11
github.com/ucloud/redis-cluster-operator/pkg/utils/parse.go:41.2,41.44 1 10
github.com/ucloud/redis-cluster-operator/pkg/utils/parse.go:13.31,16.3 2 2
github.com/ucloud/redis-cluster-operator/pkg/utils/parse.go:16.8,16.39 1 9
github.com/ucloud/redis-cluster-operator/pkg/utils/parse.go:16.39,19.3 2 2
github.com/ucloud/redis-cluster-operator/pkg/utils/parse.go:19.8,19.38 1 7
github.com/ucloud/redis-cluster-operator/pkg/utils/parse.go:19.38,22.3 2 1
github.com/ucloud/redis-cluster-operator/pkg/utils/parse.go:22.8,22.39 1 6
github.com/ucloud/redis-cluster-operator/pkg/utils/parse.go:22.39,25.3 2 1
github.com/ucloud/redis-cluster-operator/pkg/utils/parse.go:25.8,25.38 1 5
github.com/ucloud/redis-cluster-operator/pkg/utils/parse.go:25.38,28.3 2 1
github.com/ucloud/redis-cluster-operator/pkg/utils/parse.go:28.8,28.39 1 4
github.com/ucloud/redis-cluster-operator/pkg/utils/parse.go:28.39,31.3 2 1
github.com/ucloud/redis-cluster-operator/pkg/utils/parse.go:31.8,31.38 1 3
github.com/ucloud/redis-cluster-operator/pkg/utils/parse.go:31.38,34.3 2 2
github.com/ucloud/redis-cluster-operator/pkg/utils/parse.go:37.16,39.3 1 1
github.com/ucloud/redis-cluster-operator/pkg/utils/rename_cmd.go:14.85,17.16 3 0
github.com/ucloud/redis-cluster-operator/pkg/utils/rename_cmd.go:21.2,24.21 3 0
github.com/ucloud/redis-cluster-operator/pkg/utils/rename_cmd.go:31.2,31.38 1 0
github.com/ucloud/redis-cluster-operator/pkg/utils/rename_cmd.go:35.2,35.16 1 0
github.com/ucloud/redis-cluster-operator/pkg/utils/rename_cmd.go:17.16,20.3 2 0
github.com/ucloud/redis-cluster-operator/pkg/utils/rename_cmd.go:24.21,26.71 2 0
github.com/ucloud/redis-cluster-operator/pkg/utils/rename_cmd.go:26.71,28.4 1 0
github.com/ucloud/redis-cluster-operator/pkg/utils/rename_cmd.go:31.38,34.3 2 0
github.com/ucloud/redis-cluster-operator/pkg/utils/scoped.go:17.29,19.2 1 0
github.com/ucloud/redis-cluster-operator/pkg/utils/scoped.go:21.41,22.21 1 0
github.com/ucloud/redis-cluster-operator/pkg/utils/scoped.go:22.21,24.3 1 0
github.com/ucloud/redis-cluster-operator/pkg/utils/scoped.go:27.43,28.57 1 0
github.com/ucloud/redis-cluster-operator/pkg/utils/scoped.go:37.2,37.14 1 0
github.com/ucloud/redis-cluster-operator/pkg/utils/scoped.go:28.57,29.24 1 0
github.com/ucloud/redis-cluster-operator/pkg/utils/scoped.go:29.24,31.4 1 0
github.com/ucloud/redis-cluster-operator/pkg/utils/scoped.go:32.8,33.25 1 0
github.com/ucloud/redis-cluster-operator/pkg/utils/scoped.go:33.25,35.4 1 0
github.com/ucloud/redis-cluster-operator/pkg/utils/string.go:10.49,11.16 1 0
github.com/ucloud/redis-cluster-operator/pkg/utils/string.go:25.2,26.30 2 0
github.com/ucloud/redis-cluster-operator/pkg/utils/string.go:30.2,32.26 3 0
github.com/ucloud/redis-cluster-operator/pkg/utils/string.go:36.2,36.18 1 0
github.com/ucloud/redis-cluster-operator/pkg/utils/string.go:12.9,13.12 1 0
github.com/ucloud/redis-cluster-operator/pkg/utils/string.go:14.9,15.23 1 0
github.com/ucloud/redis-cluster-operator/pkg/utils/string.go:16.9,19.45 1 0
github.com/ucloud/redis-cluster-operator/pkg/utils/string.go:20.9,23.67 1 0
github.com/ucloud/redis-cluster-operator/pkg/utils/string.go:26.30,28.3 1 0
github.com/ucloud/redis-cluster-operator/pkg/utils/string.go:32.26,35.3 2 0
github.com/ucloud/redis-cluster-operator/pkg/utils/types.go:5.28,6.14 1 0
github.com/ucloud/redis-cluster-operator/pkg/utils/types.go:9.2,9.10 1 0
github.com/ucloud/redis-cluster-operator/pkg/utils/types.go:6.14,8.3 1 0
